<?xml version="1.0" encoding="UTF-8"?>
<testsuite xmlns:xsi="http://www.w3.org/2001/XMLSchema-instance" xsi:noNamespaceSchemaLocation="https://maven.apache.org/surefire/maven-surefire-plugin/xsd/surefire-test-report-3.0.xsd" version="3.0" name="vn.iotstar.coolenglish.builder.ScheduleBuilderTest" time="0.159" tests="20" errors="0" skipped="0" failures="0">
  <properties>
[...]
</properties>
  <testcase name="testBuildThrowsWhenNoSessions" classname="vn.iotstar.coolenglish.builder.ScheduleBuilderTest" time="0.029"/>
  <testcase name="testNullDescriptionAllowed" classname="vn.iotstar.coolenglish.builder.ScheduleBuilderTest" time="0.007"/>
  <testcase name="testBuildAutoGeneratesScheduleID" classname="vn.iotstar.coolenglish.builder.ScheduleBuilderTest" time="0.007"/>
  <testcase name="testConflictCheckerReceivesScheduleID" classname="vn.iotstar.coolenglish.builder.ScheduleBuilderTest" time="0.002"/>
  <testcase name="testBuildThrowsWhenCreateDateNull" classname="vn.iotstar.coolenglish.builder.ScheduleBuilderTest" time="0.002"/>
  <testcase name="testResetSessionsWithSessionsMethod" classname="vn.iotstar.coolenglish.builder.ScheduleBuilderTest" time="0.003"/>
  <testcase name="testBuildSuccessWithAllFields" classname="vn.iotstar.coolenglish.builder.ScheduleBuilderTest" time="0.004"/>
  <testcase name="testBuildPassesConflictCheck" classname="vn.iotstar.coolenglish.builder.ScheduleBuilderTest" time="0.002"/>
  <testcase name="testBuildThrowsWhenSessionEndTimeNull" classname="vn.iotstar.coolenglish.builder.ScheduleBuilderTest" time="0.001"/>
  <testcase name="testAddNullSessionIgnored" classname="vn.iotstar.coolenglish.builder.ScheduleBuilderTest" time="0.002"/>
  <testcase name="testSessionsAttachedToSchedule" classname="vn.iotstar.coolenglish.builder.ScheduleBuilderTest" time="0.003"/>
  <testcase name="testBuildWithMultipleSessions" classname="vn.iotstar.coolenglish.builder.ScheduleBuilderTest" time="0.001"/>
  <testcase name="testBuildThrowsWhenNoConflictChecker" classname="vn.iotstar.coolenglish.builder.ScheduleBuilderTest" time="0.001"/>
  <testcase name="testBuildWithSessionsList" classname="vn.iotstar.coolenglish.builder.ScheduleBuilderTest" time="0.002"/>
  <testcase name="testBuildThrowsWhenStartTimeEqualsEndTime" classname="vn.iotstar.coolenglish.builder.ScheduleBuilderTest" time="0.002"/>
  <testcase name="testBuildThrowsWhenSessionDateNull" classname="vn.iotstar.coolenglish.builder.ScheduleBuilderTest" time="0.002"/>
  <testcase name="testBuildThrowsWhenConflictDetected" classname="vn.iotstar.coolenglish.builder.ScheduleBuilderTest" time="0.027"/>
  <testcase name="testBuildThrowsWhenSessionStartTimeNull" classname="vn.iotstar.coolenglish.builder.ScheduleBuilderTest" time="0.003"/>
  <testcase name="testFluentAPIReturnBuilder" classname="vn.iotstar.coolenglish.builder.ScheduleBuilderTest" time="0.004"/>
  <testcase name="testBuildThrowsWhenStartTimeAfterEndTime" classname="vn.iotstar.coolenglish.builder.ScheduleBuilderTest" time="0.002"/>
</testsuite>